<?xml version="1.0" encoding="UTF-8"?>
<!-- Generated by org.testng.reporters.JUnitReportReporter -->
<testsuite hostname="Robika" failures="0" tests="3" name="runners.TestRunner" time="13.402" errors="0" timestamp="2025-07-22T08:36:01 IST" skipped="0">
  <testcase classname="runners.TestRunner" name="runScenario" time="4.787"/>
  <testcase classname="runners.TestRunner" name="runScenario" time="4.577"/>
  <testcase classname="runners.TestRunner" name="runScenario" time="4.038"/>
</testsuite> <!-- runners.TestRunner -->
