<?xml version="1.0" encoding="UTF-8"?>
<!-- Generated by org.testng.reporters.JUnitReportReporter -->
<testsuite hostname="Robika" failures="1" tests="6" name="runners.TestRunner" time="31.390" errors="0" timestamp="2025-07-24T10:55:35 IST" skipped="0">
  <testcase classname="runners.TestRunner" name="runScenario" time="3.762"/>
  <testcase classname="runners.TestRunner" name="runScenario" time="7.175"/>
  <testcase classname="runners.TestRunner" name="runScenario" time="3.836"/>
  <testcase classname="runners.TestRunner" name="runScenario" time="5.210">
    <failure message="Expected: Find Your Account  but got: Find Your Account" type="java.lang.AssertionError">
      <![CDATA[java.lang.AssertionError: Expected: Find Your Account  but got: Find Your Account
at stepdefinitions.PasswordResetSteps.i_should_see_the_page(PasswordResetSteps.java:29)
at âœ½.I should see the "Find Your Account " page(file:///C:/Users/robin/git/CucumberSeleniumFramework/CucumberSeleniumFramework/src/test/java/features/PasswordReset.feature:7)
]]>
    </failure>
  </testcase> <!-- runScenario -->
  <testcase classname="runners.TestRunner" name="runScenario" time="5.957"/>
  <testcase classname="runners.TestRunner" name="runScenario" time="5.450"/>
</testsuite> <!-- runners.TestRunner -->
