<?xml version="1.0" encoding="UTF-8"?>
<!-- Generated by org.testng.reporters.JUnitReportReporter -->
<testsuite hostname="Robika" failures="0" tests="3" name="runners.TestRunner" time="12.924" errors="0" timestamp="2025-07-21T22:42:21 IST" skipped="0">
  <testcase classname="runners.TestRunner" name="runScenario" time="4.886"/>
  <testcase classname="runners.TestRunner" name="runScenario" time="3.875"/>
  <testcase classname="runners.TestRunner" name="runScenario" time="4.163"/>
</testsuite> <!-- runners.TestRunner -->
